<?xml version="1.0" encoding="UTF-8"?>
<testng-results ignored="0" total="1" passed="1" failed="0" skipped="0">
  <reporter-output>
  </reporter-output>
  <suite started-at="2023-05-15T06:39:35Z" name="Suite" finished-at="2023-05-15T06:40:03Z" duration-ms="28373">
    <groups>
    </groups>
    <test started-at="2023-05-15T06:39:35Z" name="Test" finished-at="2023-05-15T06:40:03Z" duration-ms="28373">
      <class name="TestTogether.LoginTest">
        <test-method is-config="true" signature="setUp()[pri:0, instance:TestTogether.LoginTest@58594a11]" started-at="2023-05-15T06:39:35Z" name="setUp" finished-at="2023-05-15T06:39:44Z" duration-ms="8624" status="PASS">
          <reporter-output>
          </reporter-output>
        </test-method> <!-- setUp -->
        <test-method signature="testLogin()[pri:0, instance:TestTogether.LoginTest@58594a11]" started-at="2023-05-15T06:39:44Z" name="testLogin" finished-at="2023-05-15T06:40:03Z" duration-ms="19306" status="PASS">
          <reporter-output>
          </reporter-output>
        </test-method> <!-- testLogin -->
        <test-method is-config="true" signature="tearDown()[pri:0, instance:TestTogether.LoginTest@58594a11]" started-at="2023-05-15T06:40:03Z" name="tearDown" finished-at="2023-05-15T06:40:03Z" duration-ms="430" status="PASS">
          <reporter-output>
          </reporter-output>
        </test-method> <!-- tearDown -->
      </class> <!-- TestTogether.LoginTest -->
    </test> <!-- Test -->
  </suite> <!-- Suite -->
</testng-results>
