<?xml version="1.0" encoding="UTF-8"?>
<testng-results ignored="0" total="1" passed="1" failed="0" skipped="0">
  <reporter-output>
  </reporter-output>
  <suite started-at="2023-05-15T10:23:24 IST" name="Default suite" finished-at="2023-05-15T10:23:50 IST" duration-ms="26608">
    <groups>
    </groups>
    <test started-at="2023-05-15T10:23:24 IST" name="Default test" finished-at="2023-05-15T10:23:50 IST" duration-ms="26608">
      <class name="TestTogether.LoginTest">
        <test-method is-config="true" signature="setUp()[pri:0, instance:TestTogether.LoginTest@647e447]" started-at="2023-05-15T10:23:24 IST" name="setUp" finished-at="2023-05-15T10:23:34 IST" duration-ms="10122" status="PASS">
          <reporter-output>
          </reporter-output>
        </test-method> <!-- setUp -->
        <test-method signature="testLogin()[pri:0, instance:TestTogether.LoginTest@647e447]" started-at="2023-05-15T10:23:34 IST" name="testLogin" finished-at="2023-05-15T10:23:50 IST" duration-ms="15917" status="PASS">
          <reporter-output>
          </reporter-output>
        </test-method> <!-- testLogin -->
        <test-method is-config="true" signature="tearDown()[pri:0, instance:TestTogether.LoginTest@647e447]" started-at="2023-05-15T10:23:50 IST" name="tearDown" finished-at="2023-05-15T10:23:50 IST" duration-ms="540" status="PASS">
          <reporter-output>
          </reporter-output>
        </test-method> <!-- tearDown -->
      </class> <!-- TestTogether.LoginTest -->
    </test> <!-- Default test -->
  </suite> <!-- Default suite -->
</testng-results>
